# JRE version: OpenJDK Runtime Environment (8.0_202-b03) (build 1.8.0_202-release-1483-b03)
# Java VM: OpenJDK 64-Bit Server VM (25.202-b03 mixed mode windows-amd64 compressed oops)
Heap:
 PSYoungGen      total 132096K, used 2272K [0x00000000e0000000, 0x00000000e9580000, 0x0000000100000000)
  eden space 120832K, 1% used [0x00000000e0000000,0x00000000e0238088,0x00000000e7600000)
  from space 11264K, 0% used [0x00000000e7f80000,0x00000000e7f80000,0x00000000e8a80000)
  to   space 8192K, 0% used [0x00000000e8d80000,0x00000000e8d80000,0x00000000e9580000)
 ParOldGen       total 55296K, used 19525K [0x00000000a0000000, 0x00000000a3600000, 0x00000000e0000000)
  object space 55296K, 35% used [0x00000000a0000000,0x00000000a1311780,0x00000000a3600000)
 Metaspace       used 34894K, capacity 35570K, committed 35928K, reserved 1081344K
  class space    used 4773K, capacity 4934K, committed 4992K, reserved 1048576K
GC Heap History (10 events):
Event: 23.148 GC heap before
{Heap before GC invocations=5 (full 0):
 PSYoungGen      total 71680K, used 49698K [0x00000000e0000000, 0x00000000e4b00000, 0x0000000100000000)
  eden space 66560K, 66% used [0x00000000e0000000,0x00000000e2b8cbd8,0x00000000e4100000)
  from space 5120K, 99% used [0x00000000e4600000,0x00000000e4afc010,0x00000000e4b00000)
  to   space 5120K, 0% used [0x00000000e4100000,0x00000000e4100000,0x00000000e4600000)
 ParOldGen       total 87552K, used 4874K [0x00000000a0000000, 0x00000000a5580000, 0x00000000e0000000)
  object space 87552K, 5% used [0x00000000a0000000,0x00000000a04c2a08,0x00000000a5580000)
 Metaspace       used 20749K, capacity 21116K, committed 21248K, reserved 1067008K
  class space    used 2923K, capacity 3062K, committed 3072K, reserved 1048576K
Event: 23.201 GC heap after
Heap after GC invocations=5 (full 0):
 PSYoungGen      total 71680K, used 5108K [0x00000000e0000000, 0x00000000e9900000, 0x0000000100000000)
  eden space 66560K, 0% used [0x00000000e0000000,0x00000000e0000000,0x00000000e4100000)
  from space 5120K, 99% used [0x00000000e4100000,0x00000000e45fd040,0x00000000e4600000)
  to   space 11776K, 0% used [0x00000000e8d80000,0x00000000e8d80000,0x00000000e9900000)
 ParOldGen       total 87552K, used 10139K [0x00000000a0000000, 0x00000000a5580000, 0x00000000e0000000)
  object space 87552K, 11% used [0x00000000a0000000,0x00000000a09e6ec8,0x00000000a5580000)
 Metaspace       used 20749K, capacity 21116K, committed 21248K, reserved 1067008K
  class space    used 2923K, capacity 3062K, committed 3072K, reserved 1048576K
}
Event: 23.201 GC heap before
{Heap before GC invocations=6 (full 1):
 PSYoungGen      total 71680K, used 5108K [0x00000000e0000000, 0x00000000e9900000, 0x0000000100000000)
  eden space 66560K, 0% used [0x00000000e0000000,0x00000000e0000000,0x00000000e4100000)
  from space 5120K, 99% used [0x00000000e4100000,0x00000000e45fd040,0x00000000e4600000)
  to   space 11776K, 0% used [0x00000000e8d80000,0x00000000e8d80000,0x00000000e9900000)
 ParOldGen       total 87552K, used 10139K [0x00000000a0000000, 0x00000000a5580000, 0x00000000e0000000)
  object space 87552K, 11% used [0x00000000a0000000,0x00000000a09e6ec8,0x00000000a5580000)
 Metaspace       used 20749K, capacity 21116K, committed 21248K, reserved 1067008K
  class space    used 2923K, capacity 3062K, committed 3072K, reserved 1048576K
Event: 23.323 GC heap after
Heap after GC invocations=6 (full 1):
 PSYoungGen      total 71680K, used 0K [0x00000000e0000000, 0x00000000e9900000, 0x0000000100000000)
  eden space 66560K, 0% used [0x00000000e0000000,0x00000000e0000000,0x00000000e4100000)
  from space 5120K, 0% used [0x00000000e4100000,0x00000000e4100000,0x00000000e4600000)
  to   space 11776K, 0% used [0x00000000e8d80000,0x00000000e8d80000,0x00000000e9900000)
 ParOldGen       total 55296K, used 10462K [0x00000000a0000000, 0x00000000a3600000, 0x00000000e0000000)
  object space 55296K, 18% used [0x00000000a0000000,0x00000000a0a37980,0x00000000a3600000)
 Metaspace       used 20749K, capacity 21116K, committed 21248K, reserved 1067008K
  class space    used 2923K, capacity 3062K, committed 3072K, reserved 1048576K
}
Event: 28.688 GC heap before
{Heap before GC invocations=7 (full 1):
 PSYoungGen      total 71680K, used 66560K [0x00000000e0000000, 0x00000000e9900000, 0x0000000100000000)
  eden space 66560K, 100% used [0x00000000e0000000,0x00000000e4100000,0x00000000e4100000)
  from space 5120K, 0% used [0x00000000e4100000,0x00000000e4100000,0x00000000e4600000)
  to   space 11776K, 0% used [0x00000000e8d80000,0x00000000e8d80000,0x00000000e9900000)
 ParOldGen       total 55296K, used 10462K [0x00000000a0000000, 0x00000000a3600000, 0x00000000e0000000)
  object space 55296K, 18% used [0x00000000a0000000,0x00000000a0a37980,0x00000000a3600000)
 Metaspace       used 28697K, capacity 29116K, committed 29440K, reserved 1075200K
  class space    used 3860K, capacity 4011K, committed 4096K, reserved 1048576K
Event: 28.701 GC heap after
Heap after GC invocations=7 (full 1):
 PSYoungGen      total 129024K, used 7813K [0x00000000e0000000, 0x00000000e9580000, 0x0000000100000000)
  eden space 120832K, 0% used [0x00000000e0000000,0x00000000e0000000,0x00000000e7600000)
  from space 8192K, 95% used [0x00000000e8d80000,0x00000000e95214d0,0x00000000e9580000)
  to   space 11264K, 0% used [0x00000000e7f80000,0x00000000e7f80000,0x00000000e8a80000)
 ParOldGen       total 55296K, used 10470K [0x00000000a0000000, 0x00000000a3600000, 0x00000000e0000000)
  object space 55296K, 18% used [0x00000000a0000000,0x00000000a0a39980,0x00000000a3600000)
 Metaspace       used 28697K, capacity 29116K, committed 29440K, reserved 1075200K
  class space    used 3860K, capacity 4011K, committed 4096K, reserved 1048576K
}
Event: 36.345 GC heap before
{Heap before GC invocations=8 (full 1):
 PSYoungGen      total 129024K, used 127642K [0x00000000e0000000, 0x00000000e9580000, 0x0000000100000000)
  eden space 120832K, 99% used [0x00000000e0000000,0x00000000e7505340,0x00000000e7600000)
  from space 8192K, 95% used [0x00000000e8d80000,0x00000000e95214d0,0x00000000e9580000)
  to   space 11264K, 0% used [0x00000000e7f80000,0x00000000e7f80000,0x00000000e8a80000)
 ParOldGen       total 55296K, used 10470K [0x00000000a0000000, 0x00000000a3600000, 0x00000000e0000000)
  object space 55296K, 18% used [0x00000000a0000000,0x00000000a0a39980,0x00000000a3600000)
 Metaspace       used 34525K, capacity 35186K, committed 35416K, reserved 1079296K
  class space    used 4750K, capacity 4934K, committed 4992K, reserved 1048576K
Event: 36.405 GC heap after
Heap after GC invocations=8 (full 1):
 PSYoungGen      total 132096K, used 11245K [0x00000000e0000000, 0x00000000e9580000, 0x0000000100000000)
  eden space 120832K, 0% used [0x00000000e0000000,0x00000000e0000000,0x00000000e7600000)
  from space 11264K, 99% used [0x00000000e7f80000,0x00000000e8a7b5a8,0x00000000e8a80000)
  to   space 8192K, 0% used [0x00000000e8d80000,0x00000000e8d80000,0x00000000e9580000)
 ParOldGen       total 55296K, used 12200K [0x00000000a0000000, 0x00000000a3600000, 0x00000000e0000000)
  object space 55296K, 22% used [0x00000000a0000000,0x00000000a0bea050,0x00000000a3600000)
 Metaspace       used 34525K, capacity 35186K, committed 35416K, reserved 1079296K
  class space    used 4750K, capacity 4934K, committed 4992K, reserved 1048576K
}
Event: 36.405 GC heap before
{Heap before GC invocations=9 (full 2):
 PSYoungGen      total 132096K, used 11245K [0x00000000e0000000, 0x00000000e9580000, 0x0000000100000000)
  eden space 120832K, 0% used [0x00000000e0000000,0x00000000e0000000,0x00000000e7600000)
  from space 11264K, 99% used [0x00000000e7f80000,0x00000000e8a7b5a8,0x00000000e8a80000)
  to   space 8192K, 0% used [0x00000000e8d80000,0x00000000e8d80000,0x00000000e9580000)
 ParOldGen       total 55296K, used 12200K [0x00000000a0000000, 0x00000000a3600000, 0x00000000e0000000)
  object space 55296K, 22% used [0x00000000a0000000,0x00000000a0bea050,0x00000000a3600000)
 Metaspace       used 34525K, capacity 35186K, committed 35416K, reserved 1079296K
  class space    used 4750K, capacity 4934K, committed 4992K, reserved 1048576K
Event: 36.634 GC heap after
Heap after GC invocations=9 (full 2):
 PSYoungGen      total 132096K, used 0K [0x00000000e0000000, 0x00000000e9580000, 0x0000000100000000)
  eden space 120832K, 0% used [0x00000000e0000000,0x00000000e0000000,0x00000000e7600000)
  from space 11264K, 0% used [0x00000000e7f80000,0x00000000e7f80000,0x00000000e8a80000)
  to   space 8192K, 0% used [0x00000000e8d80000,0x00000000e8d80000,0x00000000e9580000)
 ParOldGen       total 55296K, used 19525K [0x00000000a0000000, 0x00000000a3600000, 0x00000000e0000000)
  object space 55296K, 35% used [0x00000000a0000000,0x00000000a1311780,0x00000000a3600000)
 Metaspace       used 34525K, capacity 35186K, committed 35416K, reserved 1079296K
  class space    used 4750K, capacity 4934K, committed 4992K, reserved 1048576K
}

